0 info it worked if it ends with ok
1 verbose cli [ 'C:\\Program Files\\nodejs\\node.exe',
1 verbose cli   'C:\\Program Files\\nodejs\\node_modules\\npm\\bin\\npm-cli.js',
1 verbose cli   'run',
1 verbose cli   'gulp',
1 verbose cli   'build',
1 verbose cli   'js' ]
2 info using npm@3.10.10
3 info using node@v6.11.1
4 verbose run-script [ 'pregulp', 'gulp', 'postgulp' ]
5 info lifecycle observer@1.0.0~pregulp: observer@1.0.0
6 silly lifecycle observer@1.0.0~pregulp: no script for pregulp, continuing
7 info lifecycle observer@1.0.0~gulp: observer@1.0.0
8 verbose lifecycle observer@1.0.0~gulp: unsafe-perm in lifecycle true
9 verbose lifecycle observer@1.0.0~gulp: PATH: C:\Program Files\nodejs\node_modules\npm\bin\node-gyp-bin;D:\SVN-Repository\Observer\branches\DevNew_07082018\ObserverCode\Observer\node_modules\.bin;C:\ProgramData\Oracle\Java\javapath;C:\Windows\system32;C:\Windows;C:\Windows\System32\Wbem;C:\Windows\System32\WindowsPowerShell\v1.0\;C:\Program Files\Git\cmd;C:\Program Files (x86)\Windows Kits\8.1\Windows Performance Toolkit\;C:\Program Files\Microsoft SQL Server\110\Tools\Binn\;C:\Program Files\nodejs\;C:\Program Files\TortoiseSVN\bin;C:\Program Files (x86)\VisualSVN\bin;C:\Users\sumit1\AppData\Local\Microsoft\WindowsApps;C:\Users\sumit1\AppData\Local\atom\bin
10 verbose lifecycle observer@1.0.0~gulp: CWD: D:\SVN-Repository\Observer\branches\DevNew_07082018\ObserverCode\Observer
11 silly lifecycle observer@1.0.0~gulp: Args: [ '/d /s /c', 'gulp "build" "js"' ]
12 silly lifecycle observer@1.0.0~gulp: Returned: code: 1  signal: null
13 info lifecycle observer@1.0.0~gulp: Failed to exec gulp script
14 verbose stack Error: observer@1.0.0 gulp: `gulp "build" "js"`
14 verbose stack Exit status 1
14 verbose stack     at EventEmitter.<anonymous> (C:\Program Files\nodejs\node_modules\npm\lib\utils\lifecycle.js:255:16)
14 verbose stack     at emitTwo (events.js:106:13)
14 verbose stack     at EventEmitter.emit (events.js:191:7)
14 verbose stack     at ChildProcess.<anonymous> (C:\Program Files\nodejs\node_modules\npm\lib\utils\spawn.js:40:14)
14 verbose stack     at emitTwo (events.js:106:13)
14 verbose stack     at ChildProcess.emit (events.js:191:7)
14 verbose stack     at maybeClose (internal/child_process.js:891:16)
14 verbose stack     at Process.ChildProcess._handle.onexit (internal/child_process.js:226:5)
15 verbose pkgid observer@1.0.0
16 verbose cwd D:\SVN-Repository\Observer\branches\DevNew_07082018\ObserverCode\Observer\assets
17 error Windows_NT 10.0.14393
18 error argv "C:\\Program Files\\nodejs\\node.exe" "C:\\Program Files\\nodejs\\node_modules\\npm\\bin\\npm-cli.js" "run" "gulp" "build" "js"
19 error node v6.11.1
20 error npm  v3.10.10
21 error code ELIFECYCLE
22 error observer@1.0.0 gulp: `gulp "build" "js"`
22 error Exit status 1
23 error Failed at the observer@1.0.0 gulp script 'gulp "build" "js"'.
23 error Make sure you have the latest version of node.js and npm installed.
23 error If you do, this is most likely a problem with the observer package,
23 error not with npm itself.
23 error Tell the author that this fails on your system:
23 error     gulp "build" "js"
23 error You can get information on how to open an issue for this project with:
23 error     npm bugs observer
23 error Or if that isn't available, you can get their info via:
23 error     npm owner ls observer
23 error There is likely additional logging output above.
24 verbose exit [ 1, true ]
